
Showing logs for build [32mcb-kubecd-environment-pr-74-3-b-pf56k-1[0m stage [32mfrom-build-pack[0m and container [32mstep-credential-initializer-d8292[0m
{"level":"warn","ts":1574420588.799845,"logger":"fallback-logger","caller":"logging/config.go:69","msg":"Fetch GitHub commit ID from kodata failed: \"ref: refs/heads/master\" is not a valid GitHub commit ID"}
{"level":"info","ts":1574420588.8005984,"logger":"fallback-logger","caller":"creds-init/main.go:40","msg":"Credentials initialized."}

Showing logs for build [32mcb-kubecd-environment-pr-74-3-b-pf56k-1[0m stage [32mfrom-build-pack[0m and container [32mstep-working-dir-initializer-cvr57[0m
{"level":"warn","ts":1574420590.1453698,"logger":"fallback-logger","caller":"logging/config.go:69","msg":"Fetch GitHub commit ID from kodata failed: open /var/run/ko/HEAD: no such file or directory"}
{"level":"info","ts":1574420590.1476321,"logger":"fallback-logger","caller":"bash/main.go:65","msg":"Successfully executed command \"mkdir -p /workspace/source\""}

Showing logs for build [32mcb-kubecd-environment-pr-74-3-b-pf56k-1[0m stage [32mfrom-build-pack[0m and container [32mstep-place-tools[0m

Showing logs for build [32mcb-kubecd-environment-pr-74-3-b-pf56k-1[0m stage [32mfrom-build-pack[0m and container [32mstep-git-source-cb-kubecd-environment-pr-74-3-b-rcgzv[0m
{"level":"warn","ts":1574420594.2243056,"logger":"fallback-logger","caller":"logging/config.go:69","msg":"Fetch GitHub commit ID from kodata failed: \"ref: refs/heads/master\" is not a valid GitHub commit ID"}
{"level":"info","ts":1574420595.222977,"logger":"fallback-logger","caller":"git/git.go:102","msg":"Successfully cloned https://github.com/cb-kubecd/environment-pr-74-3-boot-gke-staging.git @ master in path /workspace/source"}

Showing logs for build [32mcb-kubecd-environment-pr-74-3-b-pf56k-1[0m stage [32mfrom-build-pack[0m and container [32mstep-git-merge[0m
Using SHAs from PULL_REFS=master:2d9893b1c70e54926ae83a34d706668ba704d41b,6:a648d97ec7f5dbbf776b631704757423a50c4a49
DEBUG: ran git fetch --unshallow origin a648d97ec7f5dbbf776b631704757423a50c4a49: 2d9893b1c70e54926ae83a34d706668ba704d41b: in 
DEBUG: ran git checkout master in 
DEBUG: ran git reset --hard 2d9893b1c70e54926ae83a34d706668ba704d41b in 
DEBUG: ran clean --force -d . in 
DEBUG: ran git merge a648d97ec7f5dbbf776b631704757423a50c4a49 in 
Merged SHA a648d97ec7f5dbbf776b631704757423a50c4a49 with commit message 'chore: Promote bdd-nh-import-1574419910 to version 0.0.1' into base branch master

Showing logs for build [32mcb-kubecd-environment-pr-74-3-b-pf56k-1[0m stage [32mfrom-build-pack[0m and container [32mstep-build-helm-build[0m
WARNING: No $CHART_REPOSITORY defined so using the default value of: http://jenkins-x-chartmuseum:8080
Adding missing Helm repo: storage.googleapis.com https://storage.googleapis.com/chartmuseum.jenkins-x.io
Read credentials for https://storage.googleapis.com/chartmuseum.jenkins-x.io from vault helm/repos
Successfully added Helm repository storage.googleapis.com.
Adding missing Helm repo: jenkins-x-chartmuseum http://jenkins-x-chartmuseum:8080
Read credentials for http://jenkins-x-chartmuseum:8080 from vault helm/repos
Successfully added Helm repository jenkins-x-chartmuseum.
WARNING: No $CHART_REPOSITORY defined so using the default value of: http://jenkins-x-chartmuseum:8080
Adding missing Helm repo: chartmuseum.jenkins-x.io http://chartmuseum.jenkins-x.io
Read credentials for http://chartmuseum.jenkins-x.io from vault helm/repos
Successfully added Helm repository chartmuseum.jenkins-x.io.
