
Showing logs for build [32mcb-kubecd-environment-pr-74-3-b-8gng2-1[0m stage [32mfrom-build-pack[0m and container [32mstep-credential-initializer-7qrq7[0m
{"level":"warn","ts":1574418793.6717963,"logger":"fallback-logger","caller":"logging/config.go:69","msg":"Fetch GitHub commit ID from kodata failed: \"ref: refs/heads/master\" is not a valid GitHub commit ID"}
{"level":"info","ts":1574418793.672551,"logger":"fallback-logger","caller":"creds-init/main.go:40","msg":"Credentials initialized."}

Showing logs for build [32mcb-kubecd-environment-pr-74-3-b-8gng2-1[0m stage [32mfrom-build-pack[0m and container [32mstep-working-dir-initializer-bpmvg[0m
{"level":"warn","ts":1574418794.239737,"logger":"fallback-logger","caller":"logging/config.go:69","msg":"Fetch GitHub commit ID from kodata failed: open /var/run/ko/HEAD: no such file or directory"}
{"level":"info","ts":1574418794.252128,"logger":"fallback-logger","caller":"bash/main.go:65","msg":"Successfully executed command \"mkdir -p /workspace/source\""}

Showing logs for build [32mcb-kubecd-environment-pr-74-3-b-8gng2-1[0m stage [32mfrom-build-pack[0m and container [32mstep-place-tools[0m

Showing logs for build [32mcb-kubecd-environment-pr-74-3-b-8gng2-1[0m stage [32mfrom-build-pack[0m and container [32mstep-git-source-cb-kubecd-environment-pr-74-3-b-q5vfl[0m
{"level":"warn","ts":1574418799.3338182,"logger":"fallback-logger","caller":"logging/config.go:69","msg":"Fetch GitHub commit ID from kodata failed: \"ref: refs/heads/master\" is not a valid GitHub commit ID"}
{"level":"info","ts":1574418800.4394233,"logger":"fallback-logger","caller":"git/git.go:102","msg":"Successfully cloned https://github.com/cb-kubecd/environment-pr-74-3-boot-gke-staging.git @ master in path /workspace/source"}

Showing logs for build [32mcb-kubecd-environment-pr-74-3-b-8gng2-1[0m stage [32mfrom-build-pack[0m and container [32mstep-git-merge[0m
Using SHAs from PULL_REFS=master:31666494f9d96d2c533252192841e391ce7a047a,3:f6838e94604911c91350f5ac7c0ab3176194b1f4
DEBUG: ran git fetch --unshallow origin f6838e94604911c91350f5ac7c0ab3176194b1f4: 31666494f9d96d2c533252192841e391ce7a047a: in 
DEBUG: ran git checkout master in 
DEBUG: ran git reset --hard 31666494f9d96d2c533252192841e391ce7a047a in 
DEBUG: ran clean --force -d . in 
DEBUG: ran git merge f6838e94604911c91350f5ac7c0ab3176194b1f4 in 
Merged SHA f6838e94604911c91350f5ac7c0ab3176194b1f4 with commit message 'chore: Promote bdd-sbhg-1574417800 to version 0.0.1' into base branch master

Showing logs for build [32mcb-kubecd-environment-pr-74-3-b-8gng2-1[0m stage [32mfrom-build-pack[0m and container [32mstep-build-helm-build[0m
WARNING: No $CHART_REPOSITORY defined so using the default value of: http://jenkins-x-chartmuseum:8080
Adding missing Helm repo: storage.googleapis.com https://storage.googleapis.com/chartmuseum.jenkins-x.io
Read credentials for https://storage.googleapis.com/chartmuseum.jenkins-x.io from vault helm/repos
Successfully added Helm repository storage.googleapis.com.
Adding missing Helm repo: jenkins-x-chartmuseum http://jenkins-x-chartmuseum:8080
Read credentials for http://jenkins-x-chartmuseum:8080 from vault helm/repos
Successfully added Helm repository jenkins-x-chartmuseum.
WARNING: No $CHART_REPOSITORY defined so using the default value of: http://jenkins-x-chartmuseum:8080
Adding missing Helm repo: chartmuseum.jenkins-x.io http://chartmuseum.jenkins-x.io
Read credentials for http://chartmuseum.jenkins-x.io from vault helm/repos
Successfully added Helm repository chartmuseum.jenkins-x.io.
