
Showing logs for build [32mcb-kubecd-environment-pr-74-3-b-4bbb4-1[0m stage [32mfrom-build-pack[0m and container [32mstep-credential-initializer-g4nb4[0m
{"level":"warn","ts":1574419523.996466,"logger":"fallback-logger","caller":"logging/config.go:69","msg":"Fetch GitHub commit ID from kodata failed: \"ref: refs/heads/master\" is not a valid GitHub commit ID"}
{"level":"info","ts":1574419523.9972136,"logger":"fallback-logger","caller":"creds-init/main.go:40","msg":"Credentials initialized."}

Showing logs for build [32mcb-kubecd-environment-pr-74-3-b-4bbb4-1[0m stage [32mfrom-build-pack[0m and container [32mstep-working-dir-initializer-lw5pz[0m
{"level":"warn","ts":1574419524.620697,"logger":"fallback-logger","caller":"logging/config.go:69","msg":"Fetch GitHub commit ID from kodata failed: open /var/run/ko/HEAD: no such file or directory"}
{"level":"info","ts":1574419524.6224086,"logger":"fallback-logger","caller":"bash/main.go:65","msg":"Successfully executed command \"mkdir -p /workspace/source\""}

Showing logs for build [32mcb-kubecd-environment-pr-74-3-b-4bbb4-1[0m stage [32mfrom-build-pack[0m and container [32mstep-place-tools[0m

Showing logs for build [32mcb-kubecd-environment-pr-74-3-b-4bbb4-1[0m stage [32mfrom-build-pack[0m and container [32mstep-git-source-cb-kubecd-environment-pr-74-3-b-lh9ll[0m
{"level":"warn","ts":1574419528.940826,"logger":"fallback-logger","caller":"logging/config.go:69","msg":"Fetch GitHub commit ID from kodata failed: \"ref: refs/heads/master\" is not a valid GitHub commit ID"}
{"level":"info","ts":1574419530.0444064,"logger":"fallback-logger","caller":"git/git.go:102","msg":"Successfully cloned https://github.com/cb-kubecd/environment-pr-74-3-boot-gke-staging.git @ master in path /workspace/source"}

Showing logs for build [32mcb-kubecd-environment-pr-74-3-b-4bbb4-1[0m stage [32mfrom-build-pack[0m and container [32mstep-git-merge[0m
Using SHAs from PULL_REFS=master:23fbfbcb9a463b6c80987c98ad41403b4e4ae505,4:ab660a99ef839cf8796881ac619c444836c7725c
DEBUG: ran git fetch --unshallow origin ab660a99ef839cf8796881ac619c444836c7725c: 23fbfbcb9a463b6c80987c98ad41403b4e4ae505: in 
DEBUG: ran git checkout master in 
DEBUG: ran git reset --hard 23fbfbcb9a463b6c80987c98ad41403b4e4ae505 in 
DEBUG: ran clean --force -d . in 
DEBUG: ran git merge ab660a99ef839cf8796881ac619c444836c7725c in 
Merged SHA ab660a99ef839cf8796881ac619c444836c7725c with commit message 'chore: Promote bdd-gh-1574417800 to version 0.0.1' into base branch master

Showing logs for build [32mcb-kubecd-environment-pr-74-3-b-4bbb4-1[0m stage [32mfrom-build-pack[0m and container [32mstep-build-helm-build[0m
WARNING: No $CHART_REPOSITORY defined so using the default value of: http://jenkins-x-chartmuseum:8080
Adding missing Helm repo: storage.googleapis.com https://storage.googleapis.com/chartmuseum.jenkins-x.io
Read credentials for https://storage.googleapis.com/chartmuseum.jenkins-x.io from vault helm/repos
Successfully added Helm repository storage.googleapis.com.
Adding missing Helm repo: jenkins-x-chartmuseum http://jenkins-x-chartmuseum:8080
Read credentials for http://jenkins-x-chartmuseum:8080 from vault helm/repos
Successfully added Helm repository jenkins-x-chartmuseum.
WARNING: No $CHART_REPOSITORY defined so using the default value of: http://jenkins-x-chartmuseum:8080
Adding missing Helm repo: chartmuseum.jenkins-x.io http://chartmuseum.jenkins-x.io
Read credentials for http://chartmuseum.jenkins-x.io from vault helm/repos
Successfully added Helm repository chartmuseum.jenkins-x.io.
