
Showing logs for build [32mcb-kubecd-environment-pr-74-3-b-6sfw2-1[0m stage [32mfrom-build-pack[0m and container [32mstep-credential-initializer-ztlwr[0m
{"level":"warn","ts":1574418106.259419,"logger":"fallback-logger","caller":"logging/config.go:69","msg":"Fetch GitHub commit ID from kodata failed: \"ref: refs/heads/master\" is not a valid GitHub commit ID"}
{"level":"info","ts":1574418106.2640185,"logger":"fallback-logger","caller":"creds-init/main.go:40","msg":"Credentials initialized."}

Showing logs for build [32mcb-kubecd-environment-pr-74-3-b-6sfw2-1[0m stage [32mfrom-build-pack[0m and container [32mstep-working-dir-initializer-pb5zn[0m
{"level":"warn","ts":1574418107.261238,"logger":"fallback-logger","caller":"logging/config.go:69","msg":"Fetch GitHub commit ID from kodata failed: open /var/run/ko/HEAD: no such file or directory"}
{"level":"info","ts":1574418107.2628098,"logger":"fallback-logger","caller":"bash/main.go:65","msg":"Successfully executed command \"mkdir -p /workspace/source\""}

Showing logs for build [32mcb-kubecd-environment-pr-74-3-b-6sfw2-1[0m stage [32mfrom-build-pack[0m and container [32mstep-place-tools[0m

Showing logs for build [32mcb-kubecd-environment-pr-74-3-b-6sfw2-1[0m stage [32mfrom-build-pack[0m and container [32mstep-git-source-cb-kubecd-environment-pr-74-3-b-xw46j[0m
{"level":"warn","ts":1574418125.366016,"logger":"fallback-logger","caller":"logging/config.go:69","msg":"Fetch GitHub commit ID from kodata failed: \"ref: refs/heads/master\" is not a valid GitHub commit ID"}
{"level":"info","ts":1574418126.5079849,"logger":"fallback-logger","caller":"git/git.go:102","msg":"Successfully cloned https://github.com/cb-kubecd/environment-pr-74-3-boot-gke-staging.git @ master in path /workspace/source"}

Showing logs for build [32mcb-kubecd-environment-pr-74-3-b-6sfw2-1[0m stage [32mfrom-build-pack[0m and container [32mstep-git-merge[0m
Using SHAs from PULL_REFS=master:fd9a33ebcaa696f687eedc800a0e37a3746d0f64,2:8e95a716deb393f484168d0c1086bf227225fbac
DEBUG: ran git fetch --unshallow origin 8e95a716deb393f484168d0c1086bf227225fbac: fd9a33ebcaa696f687eedc800a0e37a3746d0f64: in 
DEBUG: ran git checkout master in 
DEBUG: ran git reset --hard fd9a33ebcaa696f687eedc800a0e37a3746d0f64 in 
DEBUG: ran clean --force -d . in 
DEBUG: ran git merge 8e95a716deb393f484168d0c1086bf227225fbac in 
Merged SHA 8e95a716deb393f484168d0c1086bf227225fbac with commit message 'chore: Promote bdd-nh-1574417800 to version 0.0.1' into base branch master

Showing logs for build [32mcb-kubecd-environment-pr-74-3-b-6sfw2-1[0m stage [32mfrom-build-pack[0m and container [32mstep-build-helm-build[0m
WARNING: No $CHART_REPOSITORY defined so using the default value of: http://jenkins-x-chartmuseum:8080
Adding missing Helm repo: storage.googleapis.com https://storage.googleapis.com/chartmuseum.jenkins-x.io
Read credentials for https://storage.googleapis.com/chartmuseum.jenkins-x.io from vault helm/repos
Successfully added Helm repository storage.googleapis.com.
Adding missing Helm repo: jenkins-x-chartmuseum http://jenkins-x-chartmuseum:8080
Read credentials for http://jenkins-x-chartmuseum:8080 from vault helm/repos
Successfully added Helm repository jenkins-x-chartmuseum.
WARNING: No $CHART_REPOSITORY defined so using the default value of: http://jenkins-x-chartmuseum:8080
Adding missing Helm repo: chartmuseum.jenkins-x.io http://chartmuseum.jenkins-x.io
Read credentials for http://chartmuseum.jenkins-x.io from vault helm/repos
Successfully added Helm repository chartmuseum.jenkins-x.io.
