
Showing logs for build [32mcb-kubecd-environment-pr-74-3-b-hpjf2-1[0m stage [32mfrom-build-pack[0m and container [32mstep-credential-initializer-xtkmw[0m
{"level":"warn","ts":1574421070.789704,"logger":"fallback-logger","caller":"logging/config.go:69","msg":"Fetch GitHub commit ID from kodata failed: \"ref: refs/heads/master\" is not a valid GitHub commit ID"}
{"level":"info","ts":1574421070.7902544,"logger":"fallback-logger","caller":"creds-init/main.go:40","msg":"Credentials initialized."}

Showing logs for build [32mcb-kubecd-environment-pr-74-3-b-hpjf2-1[0m stage [32mfrom-build-pack[0m and container [32mstep-working-dir-initializer-p5k7s[0m
{"level":"warn","ts":1574421072.155668,"logger":"fallback-logger","caller":"logging/config.go:69","msg":"Fetch GitHub commit ID from kodata failed: open /var/run/ko/HEAD: no such file or directory"}
{"level":"info","ts":1574421072.1576433,"logger":"fallback-logger","caller":"bash/main.go:65","msg":"Successfully executed command \"mkdir -p /workspace/source\""}

Showing logs for build [32mcb-kubecd-environment-pr-74-3-b-hpjf2-1[0m stage [32mfrom-build-pack[0m and container [32mstep-place-tools[0m

Showing logs for build [32mcb-kubecd-environment-pr-74-3-b-hpjf2-1[0m stage [32mfrom-build-pack[0m and container [32mstep-git-source-cb-kubecd-environment-pr-74-3-b-v828f[0m
{"level":"warn","ts":1574421078.2846422,"logger":"fallback-logger","caller":"logging/config.go:69","msg":"Fetch GitHub commit ID from kodata failed: \"ref: refs/heads/master\" is not a valid GitHub commit ID"}
{"level":"info","ts":1574421079.322265,"logger":"fallback-logger","caller":"git/git.go:102","msg":"Successfully cloned https://github.com/cb-kubecd/environment-pr-74-3-boot-gke-staging.git @ master in path /workspace/source"}

Showing logs for build [32mcb-kubecd-environment-pr-74-3-b-hpjf2-1[0m stage [32mfrom-build-pack[0m and container [32mstep-git-merge[0m
Using SHAs from PULL_REFS=master:838396d6d77f6df472f5a5e7b3ac6829d4701acf,7:8730a1a4c1b59672e6582816afcd8b7b7149a854
DEBUG: ran git fetch --unshallow origin 8730a1a4c1b59672e6582816afcd8b7b7149a854: 838396d6d77f6df472f5a5e7b3ac6829d4701acf: in 
DEBUG: ran git checkout master in 
DEBUG: ran git reset --hard 838396d6d77f6df472f5a5e7b3ac6829d4701acf in 
DEBUG: ran clean --force -d . in 
DEBUG: ran git merge 8730a1a4c1b59672e6582816afcd8b7b7149a854 in 
Merged SHA 8730a1a4c1b59672e6582816afcd8b7b7149a854 with commit message 'chore: Promote bdd-sbrp-import-1574419910 to version 0.0.1' into base branch master

Showing logs for build [32mcb-kubecd-environment-pr-74-3-b-hpjf2-1[0m stage [32mfrom-build-pack[0m and container [32mstep-build-helm-build[0m
WARNING: No $CHART_REPOSITORY defined so using the default value of: http://jenkins-x-chartmuseum:8080
Adding missing Helm repo: storage.googleapis.com https://storage.googleapis.com/chartmuseum.jenkins-x.io
Read credentials for https://storage.googleapis.com/chartmuseum.jenkins-x.io from vault helm/repos
Successfully added Helm repository storage.googleapis.com.
Adding missing Helm repo: jenkins-x-chartmuseum http://jenkins-x-chartmuseum:8080
Read credentials for http://jenkins-x-chartmuseum:8080 from vault helm/repos
Successfully added Helm repository jenkins-x-chartmuseum.
WARNING: No $CHART_REPOSITORY defined so using the default value of: http://jenkins-x-chartmuseum:8080
Adding missing Helm repo: chartmuseum.jenkins-x.io http://chartmuseum.jenkins-x.io
Read credentials for http://chartmuseum.jenkins-x.io from vault helm/repos
Successfully added Helm repository chartmuseum.jenkins-x.io.
