
Showing logs for build [32mcb-kubecd-environment-pr-74-3-b-dm9cv-1[0m stage [32mfrom-build-pack[0m and container [32mstep-credential-initializer-fxw8h[0m
{"level":"warn","ts":1574421648.798784,"logger":"fallback-logger","caller":"logging/config.go:69","msg":"Fetch GitHub commit ID from kodata failed: \"ref: refs/heads/master\" is not a valid GitHub commit ID"}
{"level":"info","ts":1574421648.8029237,"logger":"fallback-logger","caller":"creds-init/main.go:40","msg":"Credentials initialized."}

Showing logs for build [32mcb-kubecd-environment-pr-74-3-b-dm9cv-1[0m stage [32mfrom-build-pack[0m and container [32mstep-working-dir-initializer-bc9jv[0m
{"level":"warn","ts":1574421649.953371,"logger":"fallback-logger","caller":"logging/config.go:69","msg":"Fetch GitHub commit ID from kodata failed: open /var/run/ko/HEAD: no such file or directory"}
{"level":"info","ts":1574421649.959286,"logger":"fallback-logger","caller":"bash/main.go:65","msg":"Successfully executed command \"mkdir -p /workspace/source\""}

Showing logs for build [32mcb-kubecd-environment-pr-74-3-b-dm9cv-1[0m stage [32mfrom-build-pack[0m and container [32mstep-place-tools[0m

Showing logs for build [32mcb-kubecd-environment-pr-74-3-b-dm9cv-1[0m stage [32mfrom-build-pack[0m and container [32mstep-git-source-cb-kubecd-environment-pr-74-3-b-rwjss[0m
{"level":"warn","ts":1574421655.1454256,"logger":"fallback-logger","caller":"logging/config.go:69","msg":"Fetch GitHub commit ID from kodata failed: \"ref: refs/heads/master\" is not a valid GitHub commit ID"}
{"level":"info","ts":1574421656.2199197,"logger":"fallback-logger","caller":"git/git.go:102","msg":"Successfully cloned https://github.com/cb-kubecd/environment-pr-74-3-boot-gke-staging.git @ master in path /workspace/source"}

Showing logs for build [32mcb-kubecd-environment-pr-74-3-b-dm9cv-1[0m stage [32mfrom-build-pack[0m and container [32mstep-git-merge[0m
Using SHAs from PULL_REFS=master:f5edcc33afaf7df0ce54f46550d3a8e222178415,8:e1e9fa0c765de2c3cff58da391ffdec784548740
DEBUG: ran git fetch --unshallow origin e1e9fa0c765de2c3cff58da391ffdec784548740: f5edcc33afaf7df0ce54f46550d3a8e222178415: in 
DEBUG: ran git checkout master in 
DEBUG: ran git reset --hard f5edcc33afaf7df0ce54f46550d3a8e222178415 in 
DEBUG: ran clean --force -d . in 
DEBUG: ran git merge e1e9fa0c765de2c3cff58da391ffdec784548740 in 
Merged SHA e1e9fa0c765de2c3cff58da391ffdec784548740 with commit message 'chore: Promote bdd-sbhg-import-1574419910 to version 0.0.1' into base branch master

Showing logs for build [32mcb-kubecd-environment-pr-74-3-b-dm9cv-1[0m stage [32mfrom-build-pack[0m and container [32mstep-build-helm-build[0m
WARNING: No $CHART_REPOSITORY defined so using the default value of: http://jenkins-x-chartmuseum:8080
Adding missing Helm repo: storage.googleapis.com https://storage.googleapis.com/chartmuseum.jenkins-x.io
Read credentials for https://storage.googleapis.com/chartmuseum.jenkins-x.io from vault helm/repos
Successfully added Helm repository storage.googleapis.com.
Adding missing Helm repo: jenkins-x-chartmuseum http://jenkins-x-chartmuseum:8080
Read credentials for http://jenkins-x-chartmuseum:8080 from vault helm/repos
Successfully added Helm repository jenkins-x-chartmuseum.
WARNING: No $CHART_REPOSITORY defined so using the default value of: http://jenkins-x-chartmuseum:8080
Adding missing Helm repo: chartmuseum.jenkins-x.io http://chartmuseum.jenkins-x.io
Read credentials for http://chartmuseum.jenkins-x.io from vault helm/repos
Successfully added Helm repository chartmuseum.jenkins-x.io.
